{"/home/runner/work/employee-management-app-1/employee-management-app-1/backend/src/db.ts": {"path":"/home/runner/work/employee-management-app-1/employee-management-app-1/backend/src/db.ts","statementMap":{"0":{"start":{"line":25,"column":0},"end":{"line":25,"column":16}},"1":{"start":{"line":53,"column":0},"end":{"line":53,"column":16}},"2":{"start":{"line":64,"column":0},"end":{"line":64,"column":16}},"3":{"start":{"line":7,"column":0},"end":{"line":7,"column":38}},"4":{"start":{"line":8,"column":0},"end":{"line":8,"column":24}},"5":{"start":{"line":10,"column":35},"end":{"line":10,"column":39}},"6":{"start":{"line":26,"column":23},"end":{"line":26,"column":75}},"7":{"start":{"line":27,"column":2},"end":{"line":27,"column":34}},"8":{"start":{"line":28,"column":2},"end":{"line":28,"column":34}},"9":{"start":{"line":30,"column":2},"end":{"line":41,"column":5}},"10":{"start":{"line":43,"column":2},"end":{"line":43,"column":12}},"11":{"start":{"line":54,"column":2},"end":{"line":56,"column":3}},"12":{"start":{"line":55,"column":4},"end":{"line":55,"column":70}},"13":{"start":{"line":57,"column":2},"end":{"line":57,"column":12}},"14":{"start":{"line":65,"column":2},"end":{"line":68,"column":3}},"15":{"start":{"line":66,"column":4},"end":{"line":66,"column":15}},"16":{"start":{"line":67,"column":4},"end":{"line":67,"column":14}}},"fnMap":{"0":{"name":"initDb","decl":{"start":{"line":25,"column":16},"end":{"line":25,"column":22}},"loc":{"start":{"line":25,"column":38},"end":{"line":44,"column":1}}},"1":{"name":"getDb","decl":{"start":{"line":53,"column":16},"end":{"line":53,"column":21}},"loc":{"start":{"line":53,"column":21},"end":{"line":58,"column":1}}},"2":{"name":"closeDb","decl":{"start":{"line":64,"column":16},"end":{"line":64,"column":23}},"loc":{"start":{"line":64,"column":23},"end":{"line":69,"column":1}}}},"branchMap":{"0":{"loc":{"start":{"line":26,"column":23},"end":{"line":26,"column":75}},"type":"binary-expr","locations":[{"start":{"line":26,"column":23},"end":{"line":26,"column":29}},{"start":{"line":26,"column":33},"end":{"line":26,"column":75}}]},"1":{"loc":{"start":{"line":54,"column":2},"end":{"line":56,"column":3}},"type":"if","locations":[{"start":{"line":54,"column":2},"end":{"line":56,"column":3}},{"start":{},"end":{}}]},"2":{"loc":{"start":{"line":65,"column":2},"end":{"line":68,"column":3}},"type":"if","locations":[{"start":{"line":65,"column":2},"end":{"line":68,"column":3}},{"start":{},"end":{}}]}},"s":{"0":1,"1":1,"2":1,"3":1,"4":1,"5":1,"6":1,"7":1,"8":1,"9":1,"10":1,"11":11,"12":0,"13":11,"14":1,"15":1,"16":1},"f":{"0":1,"1":11,"2":1},"b":{"0":[1,0],"1":[0,11],"2":[1,0]}}
,"/home/runner/work/employee-management-app-1/employee-management-app-1/backend/src/server.ts": {"path":"/home/runner/work/employee-management-app-1/employee-management-app-1/backend/src/server.ts","statementMap":{"0":{"start":{"line":7,"column":0},"end":{"line":7,"column":30}},"1":{"start":{"line":8,"column":0},"end":{"line":8,"column":24}},"2":{"start":{"line":9,"column":0},"end":{"line":9,"column":43}},"3":{"start":{"line":10,"column":0},"end":{"line":10,"column":49}},"4":{"start":{"line":11,"column":0},"end":{"line":11,"column":57}},"5":{"start":{"line":13,"column":12},"end":{"line":13,"column":21}},"6":{"start":{"line":15,"column":16},"end":{"line":20,"column":2}},"7":{"start":{"line":22,"column":0},"end":{"line":22,"column":78}},"8":{"start":{"line":23,"column":0},"end":{"line":23,"column":24}},"9":{"start":{"line":24,"column":0},"end":{"line":24,"column":17}},"10":{"start":{"line":26,"column":0},"end":{"line":26,"column":43}},"11":{"start":{"line":29,"column":0},"end":{"line":29,"column":62}},"12":{"start":{"line":29,"column":34},"end":{"line":29,"column":60}},"13":{"start":{"line":31,"column":0},"end":{"line":31,"column":22}},"14":{"start":{"line":33,"column":0},"end":{"line":33,"column":19}}},"fnMap":{"0":{"name":"(anonymous_1)","decl":{"start":{"line":29,"column":19},"end":{"line":29,"column":20}},"loc":{"start":{"line":29,"column":34},"end":{"line":29,"column":60}}}},"branchMap":{},"s":{"0":1,"1":1,"2":1,"3":1,"4":1,"5":1,"6":1,"7":1,"8":1,"9":1,"10":1,"11":1,"12":1,"13":1,"14":1},"f":{"0":1},"b":{}}
,"/home/runner/work/employee-management-app-1/employee-management-app-1/backend/src/domain/employee.ts": {"path":"/home/runner/work/employee-management-app-1/employee-management-app-1/backend/src/domain/employee.ts","statementMap":{"0":{"start":{"line":70,"column":0},"end":{"line":70,"column":16}},"1":{"start":{"line":7,"column":13},"end":{"line":14,"column":11}},"2":{"start":{"line":46,"column":20},"end":{"line":46,"column":48}},"3":{"start":{"line":49,"column":19},"end":{"line":49,"column":40}},"4":{"start":{"line":71,"column":27},"end":{"line":71,"column":29}},"5":{"start":{"line":73,"column":2},"end":{"line":75,"column":3}},"6":{"start":{"line":74,"column":4},"end":{"line":74,"column":36}},"7":{"start":{"line":77,"column":2},"end":{"line":81,"column":3}},"8":{"start":{"line":78,"column":4},"end":{"line":78,"column":37}},"9":{"start":{"line":79,"column":9},"end":{"line":81,"column":3}},"10":{"start":{"line":80,"column":4},"end":{"line":80,"column":55}},"11":{"start":{"line":83,"column":2},"end":{"line":87,"column":3}},"12":{"start":{"line":84,"column":4},"end":{"line":84,"column":42}},"13":{"start":{"line":85,"column":9},"end":{"line":87,"column":3}},"14":{"start":{"line":86,"column":4},"end":{"line":86,"column":78}},"15":{"start":{"line":89,"column":2},"end":{"line":91,"column":3}},"16":{"start":{"line":90,"column":4},"end":{"line":90,"column":36}},"17":{"start":{"line":93,"column":2},"end":{"line":97,"column":3}},"18":{"start":{"line":94,"column":4},"end":{"line":94,"column":41}},"19":{"start":{"line":95,"column":9},"end":{"line":97,"column":3}},"20":{"start":{"line":96,"column":4},"end":{"line":96,"column":58}},"21":{"start":{"line":99,"column":2},"end":{"line":99,"column":48}}},"fnMap":{"0":{"name":"validateEmployee","decl":{"start":{"line":70,"column":16},"end":{"line":70,"column":32}},"loc":{"start":{"line":70,"column":62},"end":{"line":100,"column":1}}}},"branchMap":{"0":{"loc":{"start":{"line":73,"column":2},"end":{"line":75,"column":3}},"type":"if","locations":[{"start":{"line":73,"column":2},"end":{"line":75,"column":3}},{"start":{},"end":{}}]},"1":{"loc":{"start":{"line":73,"column":6},"end":{"line":73,"column":85}},"type":"binary-expr","locations":[{"start":{"line":73,"column":6},"end":{"line":73,"column":17}},{"start":{"line":73,"column":21},"end":{"line":73,"column":51}},{"start":{"line":73,"column":55},"end":{"line":73,"column":85}}]},"2":{"loc":{"start":{"line":77,"column":2},"end":{"line":81,"column":3}},"type":"if","locations":[{"start":{"line":77,"column":2},"end":{"line":81,"column":3}},{"start":{"line":79,"column":9},"end":{"line":81,"column":3}}]},"3":{"loc":{"start":{"line":77,"column":6},"end":{"line":77,"column":53}},"type":"binary-expr","locations":[{"start":{"line":77,"column":6},"end":{"line":77,"column":18}},{"start":{"line":77,"column":22},"end":{"line":77,"column":53}}]},"4":{"loc":{"start":{"line":79,"column":9},"end":{"line":81,"column":3}},"type":"if","locations":[{"start":{"line":79,"column":9},"end":{"line":81,"column":3}},{"start":{},"end":{}}]},"5":{"loc":{"start":{"line":83,"column":2},"end":{"line":87,"column":3}},"type":"if","locations":[{"start":{"line":83,"column":2},"end":{"line":87,"column":3}},{"start":{"line":85,"column":9},"end":{"line":87,"column":3}}]},"6":{"loc":{"start":{"line":83,"column":6},"end":{"line":83,"column":63}},"type":"binary-expr","locations":[{"start":{"line":83,"column":6},"end":{"line":83,"column":23}},{"start":{"line":83,"column":27},"end":{"line":83,"column":63}}]},"7":{"loc":{"start":{"line":85,"column":9},"end":{"line":87,"column":3}},"type":"if","locations":[{"start":{"line":85,"column":9},"end":{"line":87,"column":3}},{"start":{},"end":{}}]},"8":{"loc":{"start":{"line":89,"column":2},"end":{"line":91,"column":3}},"type":"if","locations":[{"start":{"line":89,"column":2},"end":{"line":91,"column":3}},{"start":{},"end":{}}]},"9":{"loc":{"start":{"line":89,"column":6},"end":{"line":89,"column":85}},"type":"binary-expr","locations":[{"start":{"line":89,"column":6},"end":{"line":89,"column":17}},{"start":{"line":89,"column":21},"end":{"line":89,"column":51}},{"start":{"line":89,"column":55},"end":{"line":89,"column":85}}]},"10":{"loc":{"start":{"line":93,"column":2},"end":{"line":97,"column":3}},"type":"if","locations":[{"start":{"line":93,"column":2},"end":{"line":97,"column":3}},{"start":{"line":95,"column":9},"end":{"line":97,"column":3}}]},"11":{"loc":{"start":{"line":93,"column":6},"end":{"line":93,"column":61}},"type":"binary-expr","locations":[{"start":{"line":93,"column":6},"end":{"line":93,"column":22}},{"start":{"line":93,"column":26},"end":{"line":93,"column":61}}]},"12":{"loc":{"start":{"line":95,"column":9},"end":{"line":97,"column":3}},"type":"if","locations":[{"start":{"line":95,"column":9},"end":{"line":97,"column":3}},{"start":{},"end":{}}]}},"s":{"0":2,"1":2,"2":2,"3":2,"4":23,"5":23,"6":5,"7":23,"8":4,"9":19,"10":2,"11":23,"12":3,"13":20,"14":2,"15":23,"16":4,"17":23,"18":4,"19":19,"20":1,"21":23},"f":{"0":23},"b":{"0":[5,18],"1":[23,19,18],"2":[4,19],"3":[23,19],"4":[2,17],"5":[3,20],"6":[23,20],"7":[2,18],"8":[4,19],"9":[23,19,19],"10":[4,19],"11":[23,19],"12":[1,18]}}
,"/home/runner/work/employee-management-app-1/employee-management-app-1/backend/src/middleware/errorHandler.ts": {"path":"/home/runner/work/employee-management-app-1/employee-management-app-1/backend/src/middleware/errorHandler.ts","statementMap":{"0":{"start":{"line":22,"column":0},"end":{"line":22,"column":16}},"1":{"start":{"line":28,"column":17},"end":{"line":28,"column":34}},"2":{"start":{"line":29,"column":18},"end":{"line":29,"column":72}},"3":{"start":{"line":31,"column":2},"end":{"line":33,"column":3}},"4":{"start":{"line":32,"column":4},"end":{"line":32,"column":43}},"5":{"start":{"line":35,"column":2},"end":{"line":35,"column":46}}},"fnMap":{"0":{"name":"errorHandler","decl":{"start":{"line":22,"column":16},"end":{"line":22,"column":28}},"loc":{"start":{"line":26,"column":21},"end":{"line":36,"column":1}}}},"branchMap":{"0":{"loc":{"start":{"line":28,"column":17},"end":{"line":28,"column":34}},"type":"binary-expr","locations":[{"start":{"line":28,"column":17},"end":{"line":28,"column":27}},{"start":{"line":28,"column":31},"end":{"line":28,"column":34}}]},"1":{"loc":{"start":{"line":29,"column":18},"end":{"line":29,"column":72}},"type":"cond-expr","locations":[{"start":{"line":29,"column":35},"end":{"line":29,"column":58}},{"start":{"line":29,"column":61},"end":{"line":29,"column":72}}]},"2":{"loc":{"start":{"line":31,"column":2},"end":{"line":33,"column":3}},"type":"if","locations":[{"start":{"line":31,"column":2},"end":{"line":33,"column":3}},{"start":{},"end":{}}]}},"s":{"0":1,"1":8,"2":8,"3":8,"4":0,"5":8},"f":{"0":8},"b":{"0":[8,0],"1":[0,8],"2":[0,8]}}
,"/home/runner/work/employee-management-app-1/employee-management-app-1/backend/src/routes/employees.ts": {"path":"/home/runner/work/employee-management-app-1/employee-management-app-1/backend/src/routes/employees.ts","statementMap":{"0":{"start":{"line":7,"column":0},"end":{"line":7,"column":66}},"1":{"start":{"line":8,"column":0},"end":{"line":8,"column":30}},"2":{"start":{"line":9,"column":0},"end":{"line":9,"column":64}},"3":{"start":{"line":11,"column":15},"end":{"line":11,"column":23}},"4":{"start":{"line":19,"column":0},"end":{"line":36,"column":3}},"5":{"start":{"line":20,"column":2},"end":{"line":35,"column":3}},"6":{"start":{"line":21,"column":15},"end":{"line":21,"column":22}},"7":{"start":{"line":22,"column":27},"end":{"line":22,"column":36}},"8":{"start":{"line":24,"column":4},"end":{"line":28,"column":5}},"9":{"start":{"line":25,"column":19},"end":{"line":25,"column":91}},"10":{"start":{"line":26,"column":24},"end":{"line":26,"column":44}},"11":{"start":{"line":27,"column":6},"end":{"line":27,"column":33}},"12":{"start":{"line":30,"column":17},"end":{"line":30,"column":68}},"13":{"start":{"line":31,"column":22},"end":{"line":31,"column":32}},"14":{"start":{"line":32,"column":4},"end":{"line":32,"column":24}},"15":{"start":{"line":34,"column":4},"end":{"line":34,"column":14}},"16":{"start":{"line":44,"column":0},"end":{"line":59,"column":3}},"17":{"start":{"line":45,"column":2},"end":{"line":58,"column":3}},"18":{"start":{"line":46,"column":15},"end":{"line":46,"column":22}},"19":{"start":{"line":47,"column":21},"end":{"line":47,"column":90}},"20":{"start":{"line":49,"column":4},"end":{"line":53,"column":5}},"21":{"start":{"line":50,"column":18},"end":{"line":50,"column":80}},"22":{"start":{"line":51,"column":6},"end":{"line":51,"column":23}},"23":{"start":{"line":52,"column":6},"end":{"line":52,"column":23}},"24":{"start":{"line":55,"column":4},"end":{"line":55,"column":23}},"25":{"start":{"line":57,"column":4},"end":{"line":57,"column":14}},"26":{"start":{"line":65,"column":0},"end":{"line":93,"column":3}},"27":{"start":{"line":66,"column":2},"end":{"line":92,"column":3}},"28":{"start":{"line":67,"column":23},"end":{"line":67,"column":49}},"29":{"start":{"line":68,"column":4},"end":{"line":72,"column":5}},"30":{"start":{"line":69,"column":18},"end":{"line":69,"column":88}},"31":{"start":{"line":70,"column":6},"end":{"line":70,"column":23}},"32":{"start":{"line":71,"column":6},"end":{"line":71,"column":23}},"33":{"start":{"line":74,"column":57},"end":{"line":74,"column":65}},"34":{"start":{"line":75,"column":15},"end":{"line":75,"column":22}},"35":{"start":{"line":76,"column":17},"end":{"line":77,"column":null}},"36":{"start":{"line":79,"column":19},"end":{"line":79,"column":90}},"37":{"start":{"line":80,"column":21},"end":{"line":81,"column":null}},"38":{"start":{"line":84,"column":4},"end":{"line":84,"column":35}},"39":{"start":{"line":86,"column":18},"end":{"line":86,"column":69}},"40":{"start":{"line":87,"column":4},"end":{"line":90,"column":5}},"41":{"start":{"line":88,"column":6},"end":{"line":88,"column":25}},"42":{"start":{"line":89,"column":6},"end":{"line":89,"column":67}},"43":{"start":{"line":91,"column":4},"end":{"line":91,"column":16}},"44":{"start":{"line":101,"column":0},"end":{"line":134,"column":3}},"45":{"start":{"line":102,"column":2},"end":{"line":133,"column":3}},"46":{"start":{"line":103,"column":15},"end":{"line":103,"column":22}},"47":{"start":{"line":104,"column":21},"end":{"line":104,"column":90}},"48":{"start":{"line":106,"column":4},"end":{"line":110,"column":5}},"49":{"start":{"line":107,"column":18},"end":{"line":107,"column":80}},"50":{"start":{"line":108,"column":6},"end":{"line":108,"column":23}},"51":{"start":{"line":109,"column":6},"end":{"line":109,"column":23}},"52":{"start":{"line":112,"column":23},"end":{"line":112,"column":49}},"53":{"start":{"line":113,"column":4},"end":{"line":117,"column":5}},"54":{"start":{"line":114,"column":18},"end":{"line":114,"column":88}},"55":{"start":{"line":115,"column":6},"end":{"line":115,"column":23}},"56":{"start":{"line":116,"column":6},"end":{"line":116,"column":23}},"57":{"start":{"line":119,"column":57},"end":{"line":119,"column":65}},"58":{"start":{"line":120,"column":4},"end":{"line":122,"column":88}},"59":{"start":{"line":124,"column":20},"end":{"line":124,"column":89}},"60":{"start":{"line":125,"column":4},"end":{"line":125,"column":22}},"61":{"start":{"line":127,"column":18},"end":{"line":127,"column":69}},"62":{"start":{"line":128,"column":4},"end":{"line":131,"column":5}},"63":{"start":{"line":129,"column":6},"end":{"line":129,"column":25}},"64":{"start":{"line":130,"column":6},"end":{"line":130,"column":67}},"65":{"start":{"line":132,"column":4},"end":{"line":132,"column":16}},"66":{"start":{"line":142,"column":0},"end":{"line":158,"column":3}},"67":{"start":{"line":143,"column":2},"end":{"line":157,"column":3}},"68":{"start":{"line":144,"column":15},"end":{"line":144,"column":22}},"69":{"start":{"line":145,"column":21},"end":{"line":145,"column":90}},"70":{"start":{"line":147,"column":4},"end":{"line":151,"column":5}},"71":{"start":{"line":148,"column":18},"end":{"line":148,"column":80}},"72":{"start":{"line":149,"column":6},"end":{"line":149,"column":23}},"73":{"start":{"line":150,"column":6},"end":{"line":150,"column":23}},"74":{"start":{"line":153,"column":4},"end":{"line":153,"column":72}},"75":{"start":{"line":154,"column":4},"end":{"line":154,"column":27}},"76":{"start":{"line":156,"column":4},"end":{"line":156,"column":14}},"77":{"start":{"line":160,"column":0},"end":{"line":160,"column":22}}},"fnMap":{"0":{"name":"(anonymous_0)","decl":{"start":{"line":19,"column":16},"end":{"line":19,"column":17}},"loc":{"start":{"line":19,"column":68},"end":{"line":36,"column":1}}},"1":{"name":"(anonymous_1)","decl":{"start":{"line":44,"column":19},"end":{"line":44,"column":20}},"loc":{"start":{"line":44,"column":71},"end":{"line":59,"column":1}}},"2":{"name":"(anonymous_2)","decl":{"start":{"line":65,"column":17},"end":{"line":65,"column":18}},"loc":{"start":{"line":65,"column":69},"end":{"line":93,"column":1}}},"3":{"name":"(anonymous_3)","decl":{"start":{"line":101,"column":19},"end":{"line":101,"column":20}},"loc":{"start":{"line":101,"column":71},"end":{"line":134,"column":1}}},"4":{"name":"(anonymous_4)","decl":{"start":{"line":142,"column":22},"end":{"line":142,"column":23}},"loc":{"start":{"line":142,"column":74},"end":{"line":158,"column":1}}}},"branchMap":{"0":{"loc":{"start":{"line":24,"column":4},"end":{"line":28,"column":5}},"type":"if","locations":[{"start":{"line":24,"column":4},"end":{"line":28,"column":5}},{"start":{},"end":{}}]},"1":{"loc":{"start":{"line":24,"column":8},"end":{"line":24,"column":52}},"type":"binary-expr","locations":[{"start":{"line":24,"column":8},"end":{"line":24,"column":18}},{"start":{"line":24,"column":22},"end":{"line":24,"column":52}}]},"2":{"loc":{"start":{"line":49,"column":4},"end":{"line":53,"column":5}},"type":"if","locations":[{"start":{"line":49,"column":4},"end":{"line":53,"column":5}},{"start":{},"end":{}}]},"3":{"loc":{"start":{"line":68,"column":4},"end":{"line":72,"column":5}},"type":"if","locations":[{"start":{"line":68,"column":4},"end":{"line":72,"column":5}},{"start":{},"end":{}}]},"4":{"loc":{"start":{"line":87,"column":4},"end":{"line":90,"column":5}},"type":"if","locations":[{"start":{"line":87,"column":4},"end":{"line":90,"column":5}},{"start":{},"end":{}}]},"5":{"loc":{"start":{"line":87,"column":8},"end":{"line":87,"column":75}},"type":"binary-expr","locations":[{"start":{"line":87,"column":8},"end":{"line":87,"column":21}},{"start":{"line":87,"column":25},"end":{"line":87,"column":75}}]},"6":{"loc":{"start":{"line":106,"column":4},"end":{"line":110,"column":5}},"type":"if","locations":[{"start":{"line":106,"column":4},"end":{"line":110,"column":5}},{"start":{},"end":{}}]},"7":{"loc":{"start":{"line":113,"column":4},"end":{"line":117,"column":5}},"type":"if","locations":[{"start":{"line":113,"column":4},"end":{"line":117,"column":5}},{"start":{},"end":{}}]},"8":{"loc":{"start":{"line":128,"column":4},"end":{"line":131,"column":5}},"type":"if","locations":[{"start":{"line":128,"column":4},"end":{"line":131,"column":5}},{"start":{},"end":{}}]},"9":{"loc":{"start":{"line":128,"column":8},"end":{"line":128,"column":75}},"type":"binary-expr","locations":[{"start":{"line":128,"column":8},"end":{"line":128,"column":21}},{"start":{"line":128,"column":25},"end":{"line":128,"column":75}}]},"10":{"loc":{"start":{"line":147,"column":4},"end":{"line":151,"column":5}},"type":"if","locations":[{"start":{"line":147,"column":4},"end":{"line":151,"column":5}},{"start":{},"end":{}}]}},"s":{"0":1,"1":1,"2":1,"3":1,"4":1,"5":2,"6":2,"7":2,"8":2,"9":1,"10":1,"11":1,"12":1,"13":1,"14":1,"15":0,"16":1,"17":2,"18":2,"19":2,"20":2,"21":1,"22":1,"23":1,"24":1,"25":0,"26":1,"27":5,"28":5,"29":5,"30":3,"31":3,"32":3,"33":2,"34":2,"35":2,"36":2,"37":1,"38":1,"39":1,"40":1,"41":1,"42":1,"43":1,"44":1,"45":3,"46":3,"47":3,"48":3,"49":1,"50":1,"51":1,"52":2,"53":2,"54":1,"55":1,"56":1,"57":1,"58":1,"59":1,"60":1,"61":0,"62":0,"63":0,"64":0,"65":0,"66":1,"67":2,"68":2,"69":2,"70":2,"71":1,"72":1,"73":1,"74":1,"75":1,"76":0,"77":1},"f":{"0":2,"1":2,"2":5,"3":3,"4":2},"b":{"0":[1,1],"1":[2,1],"2":[1,1],"3":[3,2],"4":[1,0],"5":[1,1],"6":[1,2],"7":[1,1],"8":[0,0],"9":[0,0],"10":[1,1]}}
}
