TN:
SF:src/db.ts
FN:25,initDb
FN:53,getDb
FN:64,closeDb
FNF:3
FNH:3
FNDA:1,initDb
FNDA:11,getDb
FNDA:1,closeDb
DA:7,1
DA:8,1
DA:10,1
DA:25,1
DA:26,1
DA:27,1
DA:28,1
DA:30,1
DA:43,1
DA:53,1
DA:54,11
DA:55,0
DA:57,11
DA:64,1
DA:65,1
DA:66,1
DA:67,1
LF:17
LH:16
BRDA:26,0,0,1
BRDA:26,0,1,0
BRDA:54,1,0,0
BRDA:54,1,1,11
BRDA:65,2,0,1
BRDA:65,2,1,0
BRF:6
BRH:3
end_of_record
TN:
SF:src/server.ts
FN:29,(anonymous_1)
FNF:1
FNH:1
FNDA:1,(anonymous_1)
DA:7,1
DA:8,1
DA:9,1
DA:10,1
DA:11,1
DA:13,1
DA:15,1
DA:22,1
DA:23,1
DA:24,1
DA:26,1
DA:29,1
DA:31,1
DA:33,1
LF:14
LH:14
BRF:0
BRH:0
end_of_record
TN:
SF:src/domain/employee.ts
FN:70,validateEmployee
FNF:1
FNH:1
FNDA:23,validateEmployee
DA:7,2
DA:46,2
DA:49,2
DA:70,2
DA:71,23
DA:73,23
DA:74,5
DA:77,23
DA:78,4
DA:79,19
DA:80,2
DA:83,23
DA:84,3
DA:85,20
DA:86,2
DA:89,23
DA:90,4
DA:93,23
DA:94,4
DA:95,19
DA:96,1
DA:99,23
LF:22
LH:22
BRDA:73,0,0,5
BRDA:73,0,1,18
BRDA:73,1,0,23
BRDA:73,1,1,19
BRDA:73,1,2,18
BRDA:77,2,0,4
BRDA:77,2,1,19
BRDA:77,3,0,23
BRDA:77,3,1,19
BRDA:79,4,0,2
BRDA:79,4,1,17
BRDA:83,5,0,3
BRDA:83,5,1,20
BRDA:83,6,0,23
BRDA:83,6,1,20
BRDA:85,7,0,2
BRDA:85,7,1,18
BRDA:89,8,0,4
BRDA:89,8,1,19
BRDA:89,9,0,23
BRDA:89,9,1,19
BRDA:89,9,2,19
BRDA:93,10,0,4
BRDA:93,10,1,19
BRDA:93,11,0,23
BRDA:93,11,1,19
BRDA:95,12,0,1
BRDA:95,12,1,18
BRF:28
BRH:28
end_of_record
TN:
SF:src/middleware/errorHandler.ts
FN:22,errorHandler
FNF:1
FNH:1
FNDA:8,errorHandler
DA:22,1
DA:28,8
DA:29,8
DA:31,8
DA:32,0
DA:35,8
LF:6
LH:5
BRDA:28,0,0,8
BRDA:28,0,1,0
BRDA:29,1,0,0
BRDA:29,1,1,8
BRDA:31,2,0,0
BRDA:31,2,1,8
BRF:6
BRH:3
end_of_record
TN:
SF:src/routes/employees.ts
FN:19,(anonymous_0)
FN:44,(anonymous_1)
FN:65,(anonymous_2)
FN:101,(anonymous_3)
FN:142,(anonymous_4)
FNF:5
FNH:5
FNDA:2,(anonymous_0)
FNDA:2,(anonymous_1)
FNDA:5,(anonymous_2)
FNDA:3,(anonymous_3)
FNDA:2,(anonymous_4)
DA:7,1
DA:8,1
DA:9,1
DA:11,1
DA:19,1
DA:20,2
DA:21,2
DA:22,2
DA:24,2
DA:25,1
DA:26,1
DA:27,1
DA:30,1
DA:31,1
DA:32,1
DA:34,0
DA:44,1
DA:45,2
DA:46,2
DA:47,2
DA:49,2
DA:50,1
DA:51,1
DA:52,1
DA:55,1
DA:57,0
DA:65,1
DA:66,5
DA:67,5
DA:68,5
DA:69,3
DA:70,3
DA:71,3
DA:74,2
DA:75,2
DA:76,2
DA:79,2
DA:80,1
DA:84,1
DA:86,1
DA:87,1
DA:88,1
DA:89,1
DA:91,1
DA:101,1
DA:102,3
DA:103,3
DA:104,3
DA:106,3
DA:107,1
DA:108,1
DA:109,1
DA:112,2
DA:113,2
DA:114,1
DA:115,1
DA:116,1
DA:119,1
DA:120,1
DA:124,1
DA:125,1
DA:127,0
DA:128,0
DA:129,0
DA:130,0
DA:132,0
DA:142,1
DA:143,2
DA:144,2
DA:145,2
DA:147,2
DA:148,1
DA:149,1
DA:150,1
DA:153,1
DA:154,1
DA:156,0
DA:160,1
LF:78
LH:70
BRDA:24,0,0,1
BRDA:24,0,1,1
BRDA:24,1,0,2
BRDA:24,1,1,1
BRDA:49,2,0,1
BRDA:49,2,1,1
BRDA:68,3,0,3
BRDA:68,3,1,2
BRDA:87,4,0,1
BRDA:87,4,1,0
BRDA:87,5,0,1
BRDA:87,5,1,1
BRDA:106,6,0,1
BRDA:106,6,1,2
BRDA:113,7,0,1
BRDA:113,7,1,1
BRDA:128,8,0,0
BRDA:128,8,1,0
BRDA:128,9,0,0
BRDA:128,9,1,0
BRDA:147,10,0,1
BRDA:147,10,1,1
BRF:22
BRH:17
end_of_record
